<?xml version="1.0" encoding="UTF-8"?>
<!-- Generated by org.testng.reporters.JUnitXMLReporter -->
<testsuite hostname="MNCTVN05589" name="Test" tests="5" failures="0" timestamp="16 Sep 2020 02:03:30 GMT" time="128.441" errors="0">
  <testcase name="searchByClickPopulerSearch" time="15.314" classname="testcases.SearchProduct"/>
  <testcase name="searchByClickPopulerCatgory" time="25.048" classname="testcases.SearchProduct"/>
  <testcase name="searchByKeyword" time="14.618" classname="testcases.SearchProduct"/>
  <testcase name="searchByKeyword" time="14.885" classname="testcases.SearchProduct"/>
  <testcase name="searchByKeywordNotFound" time="13.003" classname="testcases.SearchProduct"/>
</testsuite> <!-- Test -->
