<?xml version="1.0" encoding="UTF-8"?>
<!-- Generated by org.testng.reporters.JUnitXMLReporter -->
<testsuite hostname="MNCTVN05589" name="Default test" tests="5" failures="0" timestamp="15 Sep 2020 15:32:45 GMT" time="128.288" errors="0">
  <testcase name="searchByClickPopulerSearch" time="16.059" classname="testcases.SearchProduct"/>
  <testcase name="searchByClickPopulerCatgory" time="24.492" classname="testcases.SearchProduct"/>
  <testcase name="searchByKeyword" time="12.942" classname="testcases.SearchProduct"/>
  <testcase name="searchByKeyword" time="13.747" classname="testcases.SearchProduct"/>
  <testcase name="searchByKeywordNotFound" time="17.669" classname="testcases.SearchProduct"/>
</testsuite> <!-- Default test -->
