<?xml version="1.0" encoding="UTF-8"?>
<testng-results skipped="0" failed="0" total="5" passed="5">
  <reporter-output>
  </reporter-output>
  <suite name="Default suite" duration-ms="128288" started-at="2020-09-15T15:30:36Z" finished-at="2020-09-15T15:32:45Z">
    <groups>
    </groups>
    <test name="Default test" duration-ms="128288" started-at="2020-09-15T15:30:36Z" finished-at="2020-09-15T15:32:45Z">
      <class name="testcases.SearchProduct">
        <test-method status="PASS" signature="set()[pri:0, instance:testcases.SearchProduct@5ce33a58]" name="set" is-config="true" duration-ms="7515" started-at="2020-09-15T22:30:37Z" finished-at="2020-09-15T22:30:44Z">
          <reporter-output>
          </reporter-output>
        </test-method> <!-- set -->
        <test-method status="PASS" signature="searchByClickPopulerSearch()[pri:0, instance:testcases.SearchProduct@5ce33a58]" name="searchByClickPopulerSearch" duration-ms="16059" started-at="2020-09-15T22:30:44Z" finished-at="2020-09-15T22:31:00Z">
          <reporter-output>
          </reporter-output>
        </test-method> <!-- searchByClickPopulerSearch -->
        <test-method status="PASS" signature="done(org.testng.ITestResult)[pri:0, instance:testcases.SearchProduct@5ce33a58]" name="done" is-config="true" duration-ms="1993" started-at="2020-09-15T22:31:00Z" finished-at="2020-09-15T22:31:02Z">
          <params>
            <param index="0">
              <value>
                <![CDATA[[TestResult name=searchByClickPopulerSearch status=SUCCESS method=SearchProduct.searchByClickPopulerSearch()[pri:0, instance:testcases.SearchProduct@5ce33a58] output={null}]]]>
              </value>
            </param>
          </params>
          <reporter-output>
          </reporter-output>
        </test-method> <!-- done -->
        <test-method status="PASS" signature="set()[pri:0, instance:testcases.SearchProduct@5ce33a58]" name="set" is-config="true" duration-ms="6763" started-at="2020-09-15T22:31:02Z" finished-at="2020-09-15T22:31:09Z">
          <reporter-output>
          </reporter-output>
        </test-method> <!-- set -->
        <test-method status="PASS" signature="searchByClickPopulerCatgory()[pri:1, instance:testcases.SearchProduct@5ce33a58]" name="searchByClickPopulerCatgory" duration-ms="24492" started-at="2020-09-15T22:31:09Z" finished-at="2020-09-15T22:31:33Z">
          <reporter-output>
          </reporter-output>
        </test-method> <!-- searchByClickPopulerCatgory -->
        <test-method status="PASS" signature="done(org.testng.ITestResult)[pri:0, instance:testcases.SearchProduct@5ce33a58]" name="done" is-config="true" duration-ms="1334" started-at="2020-09-15T22:31:33Z" finished-at="2020-09-15T22:31:35Z">
          <params>
            <param index="0">
              <value>
                <![CDATA[[TestResult name=searchByClickPopulerCatgory status=SUCCESS method=SearchProduct.searchByClickPopulerCatgory()[pri:1, instance:testcases.SearchProduct@5ce33a58] output={null}]]]>
              </value>
            </param>
          </params>
          <reporter-output>
          </reporter-output>
        </test-method> <!-- done -->
        <test-method status="PASS" signature="set()[pri:0, instance:testcases.SearchProduct@5ce33a58]" name="set" is-config="true" duration-ms="6256" started-at="2020-09-15T22:31:36Z" finished-at="2020-09-15T22:31:42Z">
          <reporter-output>
          </reporter-output>
        </test-method> <!-- set -->
        <test-method status="PASS" signature="searchByKeyword(java.lang.String)[pri:2, instance:testcases.SearchProduct@5ce33a58]" name="searchByKeyword" duration-ms="12942" started-at="2020-09-15T22:31:42Z" data-provider="search" finished-at="2020-09-15T22:31:55Z">
          <params>
            <param index="0">
              <value>
                <![CDATA[sepeda]]>
              </value>
            </param>
          </params>
          <reporter-output>
          </reporter-output>
        </test-method> <!-- searchByKeyword -->
        <test-method status="PASS" signature="done(org.testng.ITestResult)[pri:0, instance:testcases.SearchProduct@5ce33a58]" name="done" is-config="true" duration-ms="1837" started-at="2020-09-15T22:31:55Z" finished-at="2020-09-15T22:31:57Z">
          <params>
            <param index="0">
              <value>
                <![CDATA[[TestResult name=searchByKeyword status=SUCCESS method=SearchProduct.searchByKeyword(java.lang.String)[pri:2, instance:testcases.SearchProduct@5ce33a58] output={null}]]]>
              </value>
            </param>
          </params>
          <reporter-output>
          </reporter-output>
        </test-method> <!-- done -->
        <test-method status="PASS" signature="set()[pri:0, instance:testcases.SearchProduct@5ce33a58]" name="set" is-config="true" duration-ms="6010" started-at="2020-09-15T22:31:57Z" finished-at="2020-09-15T22:32:03Z">
          <reporter-output>
          </reporter-output>
        </test-method> <!-- set -->
        <test-method status="PASS" signature="searchByKeyword(java.lang.String)[pri:2, instance:testcases.SearchProduct@5ce33a58]" name="searchByKeyword" duration-ms="13747" started-at="2020-09-15T22:32:03Z" data-provider="search" finished-at="2020-09-15T22:32:17Z">
          <params>
            <param index="0">
              <value>
                <![CDATA[motor]]>
              </value>
            </param>
          </params>
          <reporter-output>
          </reporter-output>
        </test-method> <!-- searchByKeyword -->
        <test-method status="PASS" signature="done(org.testng.ITestResult)[pri:0, instance:testcases.SearchProduct@5ce33a58]" name="done" is-config="true" duration-ms="2032" started-at="2020-09-15T22:32:17Z" finished-at="2020-09-15T22:32:19Z">
          <params>
            <param index="0">
              <value>
                <![CDATA[[TestResult name=searchByKeyword status=SUCCESS method=SearchProduct.searchByKeyword(java.lang.String)[pri:2, instance:testcases.SearchProduct@5ce33a58] output={null}]]]>
              </value>
            </param>
          </params>
          <reporter-output>
          </reporter-output>
        </test-method> <!-- done -->
        <test-method status="PASS" signature="set()[pri:0, instance:testcases.SearchProduct@5ce33a58]" name="set" is-config="true" duration-ms="6971" started-at="2020-09-15T22:32:19Z" finished-at="2020-09-15T22:32:26Z">
          <reporter-output>
          </reporter-output>
        </test-method> <!-- set -->
        <test-method status="PASS" signature="searchByKeywordNotFound()[pri:3, instance:testcases.SearchProduct@5ce33a58]" name="searchByKeywordNotFound" duration-ms="17669" started-at="2020-09-15T22:32:26Z" finished-at="2020-09-15T22:32:43Z">
          <reporter-output>
          </reporter-output>
        </test-method> <!-- searchByKeywordNotFound -->
        <test-method status="PASS" signature="done(org.testng.ITestResult)[pri:0, instance:testcases.SearchProduct@5ce33a58]" name="done" is-config="true" duration-ms="1374" started-at="2020-09-15T22:32:43Z" finished-at="2020-09-15T22:32:45Z">
          <params>
            <param index="0">
              <value>
                <![CDATA[[TestResult name=searchByKeywordNotFound status=SUCCESS method=SearchProduct.searchByKeywordNotFound()[pri:3, instance:testcases.SearchProduct@5ce33a58] output={null}]]]>
              </value>
            </param>
          </params>
          <reporter-output>
          </reporter-output>
        </test-method> <!-- done -->
      </class> <!-- testcases.SearchProduct -->
    </test> <!-- Default test -->
  </suite> <!-- Default suite -->
</testng-results>
